0 info it worked if it ends with ok
1 verbose cli [ 'node', '/usr/local/bin/npm', 'install' ]
2 info using npm@1.4.28
3 info using node@v0.10.33
4 verbose readDependencies using package.json deps
5 verbose install where, deps [ '/Users/tarekkhoury/IdeaProjects/aicubes',
5 verbose install   [ 'body-parser',
5 verbose install     'cookie-parser',
5 verbose install     'debug',
5 verbose install     'ejs',
5 verbose install     'express',
5 verbose install     'morgan',
5 verbose install     'serve-favicon',
5 verbose install     'serialport',
5 verbose install     'socket.io',
5 verbose install     'jsonfile',
5 verbose install     'sqlite3' ] ]
6 info preinstall aicubes@0.0.0
7 verbose readDependencies using package.json deps
8 verbose already installed skipping ejs@~2.3.3 /Users/tarekkhoury/IdeaProjects/aicubes
9 verbose already installed skipping express@~4.13.1 /Users/tarekkhoury/IdeaProjects/aicubes
10 verbose already installed skipping morgan@~1.6.1 /Users/tarekkhoury/IdeaProjects/aicubes
11 verbose already installed skipping serve-favicon@~2.3.0 /Users/tarekkhoury/IdeaProjects/aicubes
12 verbose cache add [ 'serialport@latest', null ]
13 verbose cache add name=undefined spec="serialport@latest" args=["serialport@latest",null]
14 verbose parsed url { protocol: null,
14 verbose parsed url   slashes: null,
14 verbose parsed url   auth: null,
14 verbose parsed url   host: null,
14 verbose parsed url   port: null,
14 verbose parsed url   hostname: null,
14 verbose parsed url   hash: null,
14 verbose parsed url   search: null,
14 verbose parsed url   query: null,
14 verbose parsed url   pathname: 'serialport@latest',
14 verbose parsed url   path: 'serialport@latest',
14 verbose parsed url   href: 'serialport@latest' }
15 verbose cache add [ 'socket.io@latest', null ]
16 verbose cache add name=undefined spec="socket.io@latest" args=["socket.io@latest",null]
17 verbose parsed url { protocol: null,
17 verbose parsed url   slashes: null,
17 verbose parsed url   auth: null,
17 verbose parsed url   host: null,
17 verbose parsed url   port: null,
17 verbose parsed url   hostname: null,
17 verbose parsed url   hash: null,
17 verbose parsed url   search: null,
17 verbose parsed url   query: null,
17 verbose parsed url   pathname: 'socket.io@latest',
17 verbose parsed url   path: 'socket.io@latest',
17 verbose parsed url   href: 'socket.io@latest' }
18 verbose cache add [ 'jsonfile@latest', null ]
19 verbose cache add name=undefined spec="jsonfile@latest" args=["jsonfile@latest",null]
20 verbose parsed url { protocol: null,
20 verbose parsed url   slashes: null,
20 verbose parsed url   auth: null,
20 verbose parsed url   host: null,
20 verbose parsed url   port: null,
20 verbose parsed url   hostname: null,
20 verbose parsed url   hash: null,
20 verbose parsed url   search: null,
20 verbose parsed url   query: null,
20 verbose parsed url   pathname: 'jsonfile@latest',
20 verbose parsed url   path: 'jsonfile@latest',
20 verbose parsed url   href: 'jsonfile@latest' }
21 verbose cache add name="serialport" spec="latest" args=["serialport","latest"]
22 verbose parsed url { protocol: null,
22 verbose parsed url   slashes: null,
22 verbose parsed url   auth: null,
22 verbose parsed url   host: null,
22 verbose parsed url   port: null,
22 verbose parsed url   hostname: null,
22 verbose parsed url   hash: null,
22 verbose parsed url   search: null,
22 verbose parsed url   query: null,
22 verbose parsed url   pathname: 'latest',
22 verbose parsed url   path: 'latest',
22 verbose parsed url   href: 'latest' }
23 verbose addNamed [ 'serialport', 'latest' ]
24 verbose addNamed [ null, null ]
25 verbose cache add name="socket.io" spec="latest" args=["socket.io","latest"]
26 verbose parsed url { protocol: null,
26 verbose parsed url   slashes: null,
26 verbose parsed url   auth: null,
26 verbose parsed url   host: null,
26 verbose parsed url   port: null,
26 verbose parsed url   hostname: null,
26 verbose parsed url   hash: null,
26 verbose parsed url   search: null,
26 verbose parsed url   query: null,
26 verbose parsed url   pathname: 'latest',
26 verbose parsed url   path: 'latest',
26 verbose parsed url   href: 'latest' }
27 verbose addNamed [ 'socket.io', 'latest' ]
28 verbose addNamed [ null, null ]
29 verbose cache add [ 'sqlite3@latest', null ]
30 verbose cache add name=undefined spec="sqlite3@latest" args=["sqlite3@latest",null]
31 verbose parsed url { protocol: null,
31 verbose parsed url   slashes: null,
31 verbose parsed url   auth: null,
31 verbose parsed url   host: null,
31 verbose parsed url   port: null,
31 verbose parsed url   hostname: null,
31 verbose parsed url   hash: null,
31 verbose parsed url   search: null,
31 verbose parsed url   query: null,
31 verbose parsed url   pathname: 'sqlite3@latest',
31 verbose parsed url   path: 'sqlite3@latest',
31 verbose parsed url   href: 'sqlite3@latest' }
32 verbose cache add name="jsonfile" spec="latest" args=["jsonfile","latest"]
33 verbose parsed url { protocol: null,
33 verbose parsed url   slashes: null,
33 verbose parsed url   auth: null,
33 verbose parsed url   host: null,
33 verbose parsed url   port: null,
33 verbose parsed url   hostname: null,
33 verbose parsed url   hash: null,
33 verbose parsed url   search: null,
33 verbose parsed url   query: null,
33 verbose parsed url   pathname: 'latest',
33 verbose parsed url   path: 'latest',
33 verbose parsed url   href: 'latest' }
34 verbose addNamed [ 'jsonfile', 'latest' ]
35 verbose addNamed [ null, null ]
36 silly lockFile 619c49e1-serialport-latest serialport@latest
37 verbose lock serialport@latest /Users/tarekkhoury/.npm/619c49e1-serialport-latest.lock
38 silly lockFile d01f6c55-socket-io-latest socket.io@latest
39 verbose lock socket.io@latest /Users/tarekkhoury/.npm/d01f6c55-socket-io-latest.lock
40 silly lockFile 161fe9d6-jsonfile-latest jsonfile@latest
41 verbose lock jsonfile@latest /Users/tarekkhoury/.npm/161fe9d6-jsonfile-latest.lock
42 verbose cache add name="sqlite3" spec="latest" args=["sqlite3","latest"]
43 verbose parsed url { protocol: null,
43 verbose parsed url   slashes: null,
43 verbose parsed url   auth: null,
43 verbose parsed url   host: null,
43 verbose parsed url   port: null,
43 verbose parsed url   hostname: null,
43 verbose parsed url   hash: null,
43 verbose parsed url   search: null,
43 verbose parsed url   query: null,
43 verbose parsed url   pathname: 'latest',
43 verbose parsed url   path: 'latest',
43 verbose parsed url   href: 'latest' }
44 verbose addNamed [ 'sqlite3', 'latest' ]
45 verbose addNamed [ null, null ]
46 silly lockFile bd9f418c-sqlite3-latest sqlite3@latest
47 verbose lock sqlite3@latest /Users/tarekkhoury/.npm/bd9f418c-sqlite3-latest.lock
48 info addNameTag [ 'serialport', 'latest' ]
49 verbose already installed skipping body-parser@~1.13.2 /Users/tarekkhoury/IdeaProjects/aicubes
50 info addNameTag [ 'socket.io', 'latest' ]
51 info addNameTag [ 'jsonfile', 'latest' ]
52 info addNameTag [ 'sqlite3', 'latest' ]
53 verbose already installed skipping cookie-parser@~1.3.5 /Users/tarekkhoury/IdeaProjects/aicubes
54 verbose registry.get https://registry.npmjs.org/serialport not expired, no request
55 verbose addNamed [ 'serialport', '2.0.6' ]
56 verbose addNamed [ '2.0.6', '2.0.6' ]
57 silly lockFile 3179fb51-serialport-2-0-6 serialport@2.0.6
58 verbose lock serialport@2.0.6 /Users/tarekkhoury/.npm/3179fb51-serialport-2-0-6.lock
59 verbose registry.get https://registry.npmjs.org/jsonfile not expired, no request
60 verbose addNamed [ 'jsonfile', '2.2.3' ]
61 verbose addNamed [ '2.2.3', '2.2.3' ]
62 silly lockFile bbafe486-jsonfile-2-2-3 jsonfile@2.2.3
63 verbose lock jsonfile@2.2.3 /Users/tarekkhoury/.npm/bbafe486-jsonfile-2-2-3.lock
64 verbose registry.get https://registry.npmjs.org/socket.io not expired, no request
65 verbose addNamed [ 'socket.io', '1.4.4' ]
66 verbose addNamed [ '1.4.4', '1.4.4' ]
67 silly lockFile 3503a255-socket-io-1-4-4 socket.io@1.4.4
68 verbose lock socket.io@1.4.4 /Users/tarekkhoury/.npm/3503a255-socket-io-1-4-4.lock
69 verbose registry.get https://registry.npmjs.org/sqlite3 not expired, no request
70 verbose addNamed [ 'sqlite3', '3.1.1' ]
71 verbose addNamed [ '3.1.1', '3.1.1' ]
72 silly lockFile 88b438a2-sqlite3-3-1-1 sqlite3@3.1.1
73 verbose lock sqlite3@3.1.1 /Users/tarekkhoury/.npm/88b438a2-sqlite3-3-1-1.lock
74 verbose already installed skipping debug@~2.2.0 /Users/tarekkhoury/IdeaProjects/aicubes
75 silly lockFile b8ed2ada-rg-socket-io-socket-io-1-4-4-tgz https://registry.npmjs.org/socket.io/-/socket.io-1.4.4.tgz
76 verbose lock https://registry.npmjs.org/socket.io/-/socket.io-1.4.4.tgz /Users/tarekkhoury/.npm/b8ed2ada-rg-socket-io-socket-io-1-4-4-tgz.lock
77 verbose addRemoteTarball [ 'https://registry.npmjs.org/socket.io/-/socket.io-1.4.4.tgz',
77 verbose addRemoteTarball   '24b3e19ca15ee21cb7d9203d831f9b65a9f14bbd' ]
78 silly lockFile 3179fb51-serialport-2-0-6 serialport@2.0.6
79 silly lockFile 3179fb51-serialport-2-0-6 serialport@2.0.6
80 silly lockFile bbafe486-jsonfile-2-2-3 jsonfile@2.2.3
81 silly lockFile bbafe486-jsonfile-2-2-3 jsonfile@2.2.3
82 silly lockFile 619c49e1-serialport-latest serialport@latest
83 silly lockFile 619c49e1-serialport-latest serialport@latest
84 silly lockFile 161fe9d6-jsonfile-latest jsonfile@latest
85 silly lockFile 161fe9d6-jsonfile-latest jsonfile@latest
86 silly lockFile 88b438a2-sqlite3-3-1-1 sqlite3@3.1.1
87 silly lockFile 88b438a2-sqlite3-3-1-1 sqlite3@3.1.1
88 silly lockFile bd9f418c-sqlite3-latest sqlite3@latest
89 silly lockFile bd9f418c-sqlite3-latest sqlite3@latest
90 info retry fetch attempt 1 at 20:29:11
91 verbose fetch to= /var/folders/gm/qjs7xk3x1hb_dlrvlq7rm0nc0000gn/T/npm-1052-VPFGoTM5/registry.npmjs.org/socket.io/-/socket.io-1.4.4.tgz
92 http GET https://registry.npmjs.org/socket.io/-/socket.io-1.4.4.tgz
93 info already installed sqlite3@3.1.1
94 info already installed jsonfile@2.2.3
95 info already installed serialport@2.0.6
96 http 200 https://registry.npmjs.org/socket.io/-/socket.io-1.4.4.tgz
97 silly lockFile b8ed2ada-rg-socket-io-socket-io-1-4-4-tgz https://registry.npmjs.org/socket.io/-/socket.io-1.4.4.tgz
98 silly lockFile b8ed2ada-rg-socket-io-socket-io-1-4-4-tgz https://registry.npmjs.org/socket.io/-/socket.io-1.4.4.tgz
99 silly lockFile 3503a255-socket-io-1-4-4 socket.io@1.4.4
100 silly lockFile 3503a255-socket-io-1-4-4 socket.io@1.4.4
101 silly lockFile d01f6c55-socket-io-latest socket.io@latest
102 silly lockFile d01f6c55-socket-io-latest socket.io@latest
103 error Error: EACCES, mkdir '/Users/tarekkhoury/.npm/socket.io/1.4.4'
103 error  { [Error: EACCES, mkdir '/Users/tarekkhoury/.npm/socket.io/1.4.4']
103 error   errno: 3,
103 error   code: 'EACCES',
103 error   path: '/Users/tarekkhoury/.npm/socket.io/1.4.4',
103 error   parent: 'aicubes' }
104 error Please try running this command again as root/Administrator.
105 error System Darwin 13.4.0
106 error command "node" "/usr/local/bin/npm" "install"
107 error cwd /Users/tarekkhoury/IdeaProjects/aicubes
108 error node -v v0.10.33
109 error npm -v 1.4.28
110 error path /Users/tarekkhoury/.npm/socket.io/1.4.4
111 error code EACCES
112 error errno 3
113 error stack Error: EACCES, mkdir '/Users/tarekkhoury/.npm/socket.io/1.4.4'
114 verbose exit [ 3, true ]
